<?xml version="1.0" encoding="UTF-8"?>
<!-- Generated by org.testng.reporters.JUnitReportReporter -->
<testsuite hostname="DESKTOP-ICLD36V" failures="0" tests="1" name="test_suite.jsexecutor" time="4.148" errors="0" timestamp="2024-07-05T00:58:11 IST" skipped="0">
  <testcase classname="test_suite.jsexecutor" name="tst" time="4.148"/>
  <system-out/>
</testsuite> <!-- test_suite.jsexecutor -->
