<?xml version="1.0" encoding="UTF-8"?>
<!-- Generated by org.testng.reporters.JUnitReportReporter -->
<testsuite hostname="DESKTOP-ICLD36V" failures="0" tests="1" name="test_suite.scroll" time="9.118" errors="0" timestamp="2024-07-05T00:40:46 IST" skipped="0">
  <testcase classname="test_suite.scroll" name="scroll_dw" time="9.118"/>
  <system-out/>
</testsuite> <!-- test_suite.scroll -->
